<?xml version="1.0" encoding="UTF-8"?>
<coverage generated="1767393998489" clover="3.2.0">
  <project timestamp="1767393998489" name="All files">
    <metrics statements="66" coveredstatements="39" conditionals="28" coveredconditionals="21" methods="20" coveredmethods="9" elements="114" coveredelements="69" complexity="0" loc="66" ncloc="66" packages="5" files="8" classes="8"/>
    <package name="lib.prompts">
      <metrics statements="3" coveredstatements="3" conditionals="0" coveredconditionals="0" methods="0" coveredmethods="0"/>
      <file name="check.ts" path="/Users/jasen/dev/specz/src/lib/prompts/check.ts">
        <metrics statements="1" coveredstatements="1" conditionals="0" coveredconditionals="0" methods="0" coveredmethods="0"/>
        <line num="1" count="1" type="stmt"/>
      </file>
      <file name="generate.ts" path="/Users/jasen/dev/specz/src/lib/prompts/generate.ts">
        <metrics statements="1" coveredstatements="1" conditionals="0" coveredconditionals="0" methods="0" coveredmethods="0"/>
        <line num="1" count="1" type="stmt"/>
      </file>
      <file name="specz.ts" path="/Users/jasen/dev/specz/src/lib/prompts/specz.ts">
        <metrics statements="1" coveredstatements="1" conditionals="0" coveredconditionals="0" methods="0" coveredmethods="0"/>
        <line num="1" count="1" type="stmt"/>
      </file>
    </package>
    <package name="lib.server">
      <metrics statements="26" coveredstatements="5" conditionals="6" coveredconditionals="0" methods="6" coveredmethods="1"/>
      <file name="auth.ts" path="/Users/jasen/dev/specz/src/lib/server/auth.ts">
        <metrics statements="26" coveredstatements="5" conditionals="6" coveredconditionals="0" methods="6" coveredmethods="1"/>
        <line num="8" count="1" type="stmt"/>
        <line num="10" count="1" type="stmt"/>
        <line num="13" count="103" type="stmt"/>
        <line num="14" count="103" type="stmt"/>
        <line num="15" count="103" type="stmt"/>
        <line num="19" count="0" type="stmt"/>
        <line num="20" count="0" type="stmt"/>
        <line num="25" count="0" type="stmt"/>
        <line num="26" count="0" type="stmt"/>
        <line num="30" count="0" type="stmt"/>
        <line num="31" count="0" type="stmt"/>
        <line num="41" count="0" type="cond" truecount="0" falsecount="2"/>
        <line num="42" count="0" type="stmt"/>
        <line num="44" count="0" type="stmt"/>
        <line num="46" count="0" type="stmt"/>
        <line num="47" count="0" type="cond" truecount="0" falsecount="2"/>
        <line num="48" count="0" type="stmt"/>
        <line num="49" count="0" type="stmt"/>
        <line num="52" count="0" type="stmt"/>
        <line num="53" count="0" type="cond" truecount="0" falsecount="2"/>
        <line num="54" count="0" type="stmt"/>
        <line num="55" count="0" type="stmt"/>
        <line num="61" count="0" type="stmt"/>
        <line num="67" count="0" type="stmt"/>
        <line num="71" count="0" type="stmt"/>
        <line num="78" count="0" type="stmt"/>
      </file>
    </package>
    <package name="lib.server.db">
      <metrics statements="12" coveredstatements="6" conditionals="2" coveredconditionals="1" methods="6" coveredmethods="0"/>
      <file name="index.ts" path="/Users/jasen/dev/specz/src/lib/server/db/index.ts">
        <metrics statements="3" coveredstatements="3" conditionals="2" coveredconditionals="1" methods="0" coveredmethods="0"/>
        <line num="6" count="1" type="cond" truecount="1" falsecount="1"/>
        <line num="8" count="1" type="stmt"/>
        <line num="10" count="1" type="stmt"/>
      </file>
      <file name="schema.ts" path="/Users/jasen/dev/specz/src/lib/server/db/schema.ts">
        <metrics statements="9" coveredstatements="3" conditionals="0" coveredconditionals="0" methods="6" coveredmethods="0"/>
        <line num="3" count="3" type="stmt"/>
        <line num="9" count="0" type="stmt"/>
        <line num="12" count="0" type="stmt"/>
        <line num="15" count="3" type="stmt"/>
        <line num="19" count="0" type="stmt"/>
        <line num="23" count="3" type="stmt"/>
        <line num="27" count="0" type="stmt"/>
        <line num="38" count="0" type="stmt"/>
        <line num="41" count="0" type="stmt"/>
      </file>
    </package>
    <package name="lib.utils">
      <metrics statements="2" coveredstatements="2" conditionals="7" coveredconditionals="7" methods="2" coveredmethods="2"/>
      <file name="validation.ts" path="/Users/jasen/dev/specz/src/lib/utils/validation.ts">
        <metrics statements="2" coveredstatements="2" conditionals="7" coveredconditionals="7" methods="2" coveredmethods="2"/>
        <line num="2" count="15" type="stmt"/>
        <line num="11" count="10" type="cond" truecount="3" falsecount="0"/>
      </file>
    </package>
    <package name="tests">
      <metrics statements="23" coveredstatements="23" conditionals="13" coveredconditionals="13" methods="6" coveredmethods="6"/>
      <file name="helpers.ts" path="/Users/jasen/dev/specz/src/tests/helpers.ts">
        <metrics statements="23" coveredstatements="23" conditionals="13" coveredconditionals="13" methods="6" coveredmethods="6"/>
        <line num="10" count="2" type="stmt"/>
        <line num="11" count="2" type="stmt"/>
        <line num="14" count="2" type="stmt"/>
        <line num="43" count="58" type="stmt"/>
        <line num="44" count="58" type="stmt"/>
        <line num="48" count="5" type="stmt"/>
        <line num="49" count="5" type="stmt"/>
        <line num="53" count="22" type="stmt"/>
        <line num="54" count="22" type="stmt"/>
        <line num="61" count="22" type="stmt"/>
        <line num="62" count="22" type="stmt"/>
        <line num="70" count="21" type="stmt"/>
        <line num="74" count="5" type="stmt"/>
        <line num="75" count="5" type="stmt"/>
        <line num="77" count="5" type="stmt"/>
        <line num="83" count="5" type="stmt"/>
        <line num="87" count="16" type="stmt"/>
        <line num="88" count="16" type="stmt"/>
        <line num="90" count="16" type="stmt"/>
        <line num="102" count="16" type="stmt"/>
        <line num="106" count="20" type="stmt"/>
        <line num="107" count="20" type="stmt"/>
        <line num="108" count="20" type="stmt"/>
      </file>
    </package>
  </project>
</coverage>
