{"/Users/jasen/dev/specz/src/lib/prompts/check.ts": {"path":"/Users/jasen/dev/specz/src/lib/prompts/check.ts","statementMap":{"0":{"start":{"line":1,"column":27},"end":{"line":30,"column":69}}},"fnMap":{},"branchMap":{},"s":{"0":1},"f":{},"b":{},"meta":{"lastBranch":0,"lastFunction":0,"lastStatement":1,"seen":{"s:1:27:30:69":0}}}
,"/Users/jasen/dev/specz/src/lib/prompts/generate.ts": {"path":"/Users/jasen/dev/specz/src/lib/prompts/generate.ts","statementMap":{"0":{"start":{"line":1,"column":30},"end":{"line":36,"column":298}}},"fnMap":{},"branchMap":{},"s":{"0":1},"f":{},"b":{},"meta":{"lastBranch":0,"lastFunction":0,"lastStatement":1,"seen":{"s:1:30:36:298":0}}}
,"/Users/jasen/dev/specz/src/lib/prompts/specz.ts": {"path":"/Users/jasen/dev/specz/src/lib/prompts/specz.ts","statementMap":{"0":{"start":{"line":1,"column":27},"end":{"line":26,"column":100}}},"fnMap":{},"branchMap":{},"s":{"0":1},"f":{},"b":{},"meta":{"lastBranch":0,"lastFunction":0,"lastStatement":1,"seen":{"s:1:27:26:100":0}}}
,"/Users/jasen/dev/specz/src/lib/server/auth.ts": {"path":"/Users/jasen/dev/specz/src/lib/server/auth.ts","statementMap":{"0":{"start":{"line":8,"column":18},"end":{"line":8,"column":null}},"1":{"start":{"line":10,"column":33},"end":{"line":10,"column":null}},"2":{"start":{"line":13,"column":15},"end":{"line":13,"column":null}},"3":{"start":{"line":14,"column":7},"end":{"line":14,"column":null}},"4":{"start":{"line":15,"column":1},"end":{"line":15,"column":null}},"5":{"start":{"line":19,"column":7},"end":{"line":19,"column":null}},"6":{"start":{"line":20,"column":32},"end":{"line":24,"column":null}},"7":{"start":{"line":25,"column":1},"end":{"line":25,"column":null}},"8":{"start":{"line":26,"column":1},"end":{"line":26,"column":null}},"9":{"start":{"line":30,"column":7},"end":{"line":30,"column":null}},"10":{"start":{"line":31,"column":18},"end":{"line":39,"column":null}},"11":{"start":{"line":41,"column":1},"end":{"line":43,"column":null}},"12":{"start":{"line":42,"column":2},"end":{"line":42,"column":null}},"13":{"start":{"line":44,"column":27},"end":{"line":44,"column":null}},"14":{"start":{"line":46,"column":24},"end":{"line":46,"column":null}},"15":{"start":{"line":47,"column":1},"end":{"line":50,"column":null}},"16":{"start":{"line":48,"column":2},"end":{"line":48,"column":null}},"17":{"start":{"line":49,"column":2},"end":{"line":49,"column":null}},"18":{"start":{"line":52,"column":22},"end":{"line":52,"column":null}},"19":{"start":{"line":53,"column":1},"end":{"line":59,"column":null}},"20":{"start":{"line":54,"column":2},"end":{"line":54,"column":null}},"21":{"start":{"line":55,"column":2},"end":{"line":58,"column":null}},"22":{"start":{"line":61,"column":1},"end":{"line":61,"column":null}},"23":{"start":{"line":67,"column":1},"end":{"line":67,"column":null}},"24":{"start":{"line":71,"column":1},"end":{"line":74,"column":null}},"25":{"start":{"line":78,"column":1},"end":{"line":80,"column":null}}},"fnMap":{"0":{"name":"generateSessionToken","decl":{"start":{"line":12,"column":16},"end":{"line":12,"column":39}},"loc":{"start":{"line":12,"column":39},"end":{"line":16,"column":null}},"line":12},"1":{"name":"createSession","decl":{"start":{"line":18,"column":22},"end":{"line":18,"column":36}},"loc":{"start":{"line":18,"column":67},"end":{"line":27,"column":null}},"line":18},"2":{"name":"validateSessionToken","decl":{"start":{"line":29,"column":22},"end":{"line":29,"column":43}},"loc":{"start":{"line":29,"column":58},"end":{"line":62,"column":null}},"line":29},"3":{"name":"invalidateSession","decl":{"start":{"line":66,"column":22},"end":{"line":66,"column":40}},"loc":{"start":{"line":66,"column":59},"end":{"line":68,"column":null}},"line":66},"4":{"name":"setSessionTokenCookie","decl":{"start":{"line":70,"column":16},"end":{"line":70,"column":38}},"loc":{"start":{"line":70,"column":91},"end":{"line":75,"column":null}},"line":70},"5":{"name":"deleteSessionTokenCookie","decl":{"start":{"line":77,"column":16},"end":{"line":77,"column":41}},"loc":{"start":{"line":77,"column":62},"end":{"line":81,"column":null}},"line":77}},"branchMap":{"0":{"loc":{"start":{"line":41,"column":1},"end":{"line":43,"column":null}},"type":"if","locations":[{"start":{"line":41,"column":1},"end":{"line":43,"column":null}},{"start":{},"end":{}}],"line":41},"1":{"loc":{"start":{"line":47,"column":1},"end":{"line":50,"column":null}},"type":"if","locations":[{"start":{"line":47,"column":1},"end":{"line":50,"column":null}},{"start":{},"end":{}}],"line":47},"2":{"loc":{"start":{"line":53,"column":1},"end":{"line":59,"column":null}},"type":"if","locations":[{"start":{"line":53,"column":1},"end":{"line":59,"column":null}},{"start":{},"end":{}}],"line":53}},"s":{"0":1,"1":1,"2":103,"3":103,"4":103,"5":0,"6":0,"7":0,"8":0,"9":0,"10":0,"11":0,"12":0,"13":0,"14":0,"15":0,"16":0,"17":0,"18":0,"19":0,"20":0,"21":0,"22":0,"23":0,"24":0,"25":0},"f":{"0":103,"1":0,"2":0,"3":0,"4":0,"5":0},"b":{"0":[0,0],"1":[0,0],"2":[0,0]},"meta":{"lastBranch":3,"lastFunction":6,"lastStatement":26,"seen":{"s:8:18:8:Infinity":0,"s:10:33:10:Infinity":1,"f:12:16:12:39":0,"s:13:15:13:Infinity":2,"s:14:7:14:Infinity":3,"s:15:1:15:Infinity":4,"f:18:22:18:36":1,"s:19:7:19:Infinity":5,"s:20:32:24:Infinity":6,"s:25:1:25:Infinity":7,"s:26:1:26:Infinity":8,"f:29:22:29:43":2,"s:30:7:30:Infinity":9,"s:31:18:39:Infinity":10,"b:41:1:43:Infinity:undefined:undefined:undefined:undefined":0,"s:41:1:43:Infinity":11,"s:42:2:42:Infinity":12,"s:44:27:44:Infinity":13,"s:46:24:46:Infinity":14,"b:47:1:50:Infinity:undefined:undefined:undefined:undefined":1,"s:47:1:50:Infinity":15,"s:48:2:48:Infinity":16,"s:49:2:49:Infinity":17,"s:52:22:52:Infinity":18,"b:53:1:59:Infinity:undefined:undefined:undefined:undefined":2,"s:53:1:59:Infinity":19,"s:54:2:54:Infinity":20,"s:55:2:58:Infinity":21,"s:61:1:61:Infinity":22,"f:66:22:66:40":3,"s:67:1:67:Infinity":23,"f:70:16:70:38":4,"s:71:1:74:Infinity":24,"f:77:16:77:41":5,"s:78:1:80:Infinity":25}}}
,"/Users/jasen/dev/specz/src/lib/server/db/index.ts": {"path":"/Users/jasen/dev/specz/src/lib/server/db/index.ts","statementMap":{"0":{"start":{"line":6,"column":0},"end":{"line":6,"column":null}},"1":{"start":{"line":6,"column":23},"end":{"line":6,"column":null}},"2":{"start":{"line":8,"column":15},"end":{"line":8,"column":null}},"3":{"start":{"line":10,"column":13},"end":{"line":10,"column":null}}},"fnMap":{},"branchMap":{"0":{"loc":{"start":{"line":6,"column":0},"end":{"line":6,"column":null}},"type":"if","locations":[{"start":{"line":6,"column":0},"end":{"line":6,"column":null}},{"start":{},"end":{}}],"line":6}},"s":{"0":1,"1":0,"2":1,"3":1},"f":{},"b":{"0":[0,1]},"meta":{"lastBranch":1,"lastFunction":0,"lastStatement":4,"seen":{"b:6:0:6:Infinity:undefined:undefined:undefined:undefined":0,"s:6:0:6:Infinity":0,"s:6:23:6:Infinity":1,"s:8:15:8:Infinity":2,"s:10:13:10:Infinity":3}}}
,"/Users/jasen/dev/specz/src/lib/server/db/schema.ts": {"path":"/Users/jasen/dev/specz/src/lib/server/db/schema.ts","statementMap":{"0":{"start":{"line":3,"column":13},"end":{"line":13,"column":null}},"1":{"start":{"line":9,"column":20},"end":{"line":9,"column":30}},"2":{"start":{"line":12,"column":20},"end":{"line":12,"column":30}},"3":{"start":{"line":15,"column":13},"end":{"line":21,"column":null}},"4":{"start":{"line":19,"column":20},"end":{"line":19,"column":27}},"5":{"start":{"line":23,"column":13},"end":{"line":42,"column":null}},"6":{"start":{"line":27,"column":20},"end":{"line":27,"column":27}},"7":{"start":{"line":38,"column":20},"end":{"line":38,"column":30}},"8":{"start":{"line":41,"column":20},"end":{"line":41,"column":30}}},"fnMap":{"0":{"name":"(anonymous_0)","decl":{"start":{"line":9,"column":14},"end":{"line":9,"column":20}},"loc":{"start":{"line":9,"column":20},"end":{"line":9,"column":30}},"line":9},"1":{"name":"(anonymous_1)","decl":{"start":{"line":12,"column":14},"end":{"line":12,"column":20}},"loc":{"start":{"line":12,"column":20},"end":{"line":12,"column":30}},"line":12},"2":{"name":"(anonymous_2)","decl":{"start":{"line":19,"column":14},"end":{"line":19,"column":20}},"loc":{"start":{"line":19,"column":20},"end":{"line":19,"column":27}},"line":19},"3":{"name":"(anonymous_3)","decl":{"start":{"line":27,"column":14},"end":{"line":27,"column":20}},"loc":{"start":{"line":27,"column":20},"end":{"line":27,"column":27}},"line":27},"4":{"name":"(anonymous_4)","decl":{"start":{"line":38,"column":14},"end":{"line":38,"column":20}},"loc":{"start":{"line":38,"column":20},"end":{"line":38,"column":30}},"line":38},"5":{"name":"(anonymous_5)","decl":{"start":{"line":41,"column":14},"end":{"line":41,"column":20}},"loc":{"start":{"line":41,"column":20},"end":{"line":41,"column":30}},"line":41}},"branchMap":{},"s":{"0":3,"1":0,"2":0,"3":3,"4":0,"5":3,"6":0,"7":0,"8":0},"f":{"0":0,"1":0,"2":0,"3":0,"4":0,"5":0},"b":{},"meta":{"lastBranch":0,"lastFunction":6,"lastStatement":9,"seen":{"s:3:13:13:Infinity":0,"f:9:14:9:20":0,"s:9:20:9:30":1,"f:12:14:12:20":1,"s:12:20:12:30":2,"s:15:13:21:Infinity":3,"f:19:14:19:20":2,"s:19:20:19:27":4,"s:23:13:42:Infinity":5,"f:27:14:27:20":3,"s:27:20:27:27":6,"f:38:14:38:20":4,"s:38:20:38:30":7,"f:41:14:41:20":5,"s:41:20:41:30":8}}}
,"/Users/jasen/dev/specz/src/lib/utils/validation.ts": {"path":"/Users/jasen/dev/specz/src/lib/utils/validation.ts","statementMap":{"0":{"start":{"line":2,"column":1},"end":{"line":6,"column":null}},"1":{"start":{"line":11,"column":1},"end":{"line":11,"column":null}}},"fnMap":{"0":{"name":"validateEmail","decl":{"start":{"line":1,"column":16},"end":{"line":1,"column":30}},"loc":{"start":{"line":1,"column":63},"end":{"line":8,"column":null}},"line":1},"1":{"name":"validatePassword","decl":{"start":{"line":10,"column":16},"end":{"line":10,"column":33}},"loc":{"start":{"line":10,"column":72},"end":{"line":12,"column":null}},"line":10}},"branchMap":{"0":{"loc":{"start":{"line":3,"column":2},"end":{"line":6,"column":null}},"type":"binary-expr","locations":[{"start":{"line":3,"column":2},"end":{"line":3,"column":null}},{"start":{"line":4,"column":2},"end":{"line":4,"column":null}},{"start":{"line":5,"column":2},"end":{"line":5,"column":null}},{"start":{"line":6,"column":2},"end":{"line":6,"column":null}}],"line":3},"1":{"loc":{"start":{"line":11,"column":8},"end":{"line":11,"column":null}},"type":"binary-expr","locations":[{"start":{"line":11,"column":8},"end":{"line":11,"column":40}},{"start":{"line":11,"column":40},"end":{"line":11,"column":64}},{"start":{"line":11,"column":64},"end":{"line":11,"column":null}}],"line":11}},"s":{"0":15,"1":10},"f":{"0":15,"1":10},"b":{"0":[15,11,8,7],"1":[10,7,4]},"meta":{"lastBranch":2,"lastFunction":2,"lastStatement":2,"seen":{"f:1:16:1:30":0,"s:2:1:6:Infinity":0,"b:3:2:3:Infinity:4:2:4:Infinity:5:2:5:Infinity:6:2:6:Infinity":0,"f:10:16:10:33":1,"s:11:1:11:Infinity":1,"b:11:8:11:40:11:40:11:64:11:64:11:Infinity":1}}}
,"/Users/jasen/dev/specz/src/tests/helpers.ts": {"path":"/Users/jasen/dev/specz/src/tests/helpers.ts","statementMap":{"0":{"start":{"line":10,"column":15},"end":{"line":10,"column":null}},"1":{"start":{"line":11,"column":13},"end":{"line":11,"column":null}},"2":{"start":{"line":14,"column":0},"end":{"line":40,"column":null}},"3":{"start":{"line":43,"column":15},"end":{"line":43,"column":null}},"4":{"start":{"line":44,"column":1},"end":{"line":44,"column":null}},"5":{"start":{"line":48,"column":15},"end":{"line":48,"column":null}},"6":{"start":{"line":49,"column":1},"end":{"line":49,"column":null}},"7":{"start":{"line":53,"column":16},"end":{"line":53,"column":null}},"8":{"start":{"line":54,"column":22},"end":{"line":59,"column":null}},"9":{"start":{"line":61,"column":13},"end":{"line":61,"column":null}},"10":{"start":{"line":62,"column":1},"end":{"line":68,"column":null}},"11":{"start":{"line":70,"column":1},"end":{"line":70,"column":null}},"12":{"start":{"line":74,"column":15},"end":{"line":74,"column":null}},"13":{"start":{"line":75,"column":7},"end":{"line":75,"column":null}},"14":{"start":{"line":77,"column":1},"end":{"line":81,"column":null}},"15":{"start":{"line":83,"column":1},"end":{"line":83,"column":null}},"16":{"start":{"line":87,"column":12},"end":{"line":87,"column":null}},"17":{"start":{"line":88,"column":13},"end":{"line":88,"column":null}},"18":{"start":{"line":90,"column":1},"end":{"line":100,"column":null}},"19":{"start":{"line":102,"column":1},"end":{"line":102,"column":null}},"20":{"start":{"line":106,"column":1},"end":{"line":106,"column":null}},"21":{"start":{"line":107,"column":1},"end":{"line":107,"column":null}},"22":{"start":{"line":108,"column":1},"end":{"line":108,"column":null}}},"fnMap":{"0":{"name":"generateId","decl":{"start":{"line":42,"column":16},"end":{"line":42,"column":29}},"loc":{"start":{"line":42,"column":29},"end":{"line":45,"column":null}},"line":42},"1":{"name":"generateSessionToken","decl":{"start":{"line":47,"column":16},"end":{"line":47,"column":39}},"loc":{"start":{"line":47,"column":39},"end":{"line":50,"column":null}},"line":47},"2":{"name":"createTestUser","decl":{"start":{"line":52,"column":22},"end":{"line":52,"column":37}},"loc":{"start":{"line":52,"column":107},"end":{"line":71,"column":null}},"line":52},"3":{"name":"createTestSession","decl":{"start":{"line":73,"column":22},"end":{"line":73,"column":40}},"loc":{"start":{"line":73,"column":56},"end":{"line":84,"column":null}},"line":73},"4":{"name":"createTestSpec","decl":{"start":{"line":86,"column":22},"end":{"line":86,"column":37}},"loc":{"start":{"line":86,"column":91},"end":{"line":103,"column":null}},"line":86},"5":{"name":"clearTables","decl":{"start":{"line":105,"column":22},"end":{"line":105,"column":36}},"loc":{"start":{"line":105,"column":36},"end":{"line":109,"column":null}},"line":105}},"branchMap":{"0":{"loc":{"start":{"line":52,"column":37},"end":{"line":52,"column":81}},"type":"default-arg","locations":[{"start":{"line":52,"column":45},"end":{"line":52,"column":81}}],"line":52},"1":{"loc":{"start":{"line":52,"column":81},"end":{"line":52,"column":107}},"type":"default-arg","locations":[{"start":{"line":52,"column":92},"end":{"line":52,"column":107}}],"line":52},"2":{"loc":{"start":{"line":86,"column":53},"end":{"line":86,"column":91}},"type":"default-arg","locations":[{"start":{"line":86,"column":87},"end":{"line":86,"column":91}}],"line":86},"3":{"loc":{"start":{"line":93,"column":9},"end":{"line":93,"column":null}},"type":"binary-expr","locations":[{"start":{"line":93,"column":9},"end":{"line":93,"column":28}},{"start":{"line":93,"column":28},"end":{"line":93,"column":null}}],"line":93},"4":{"loc":{"start":{"line":94,"column":8},"end":{"line":94,"column":null}},"type":"binary-expr","locations":[{"start":{"line":94,"column":8},"end":{"line":94,"column":26}},{"start":{"line":94,"column":26},"end":{"line":94,"column":null}}],"line":94},"5":{"loc":{"start":{"line":95,"column":10},"end":{"line":95,"column":null}},"type":"binary-expr","locations":[{"start":{"line":95,"column":10},"end":{"line":95,"column":30}},{"start":{"line":95,"column":30},"end":{"line":95,"column":null}}],"line":95},"6":{"loc":{"start":{"line":96,"column":16},"end":{"line":96,"column":null}},"type":"binary-expr","locations":[{"start":{"line":96,"column":16},"end":{"line":96,"column":42}},{"start":{"line":96,"column":42},"end":{"line":96,"column":null}}],"line":96},"7":{"loc":{"start":{"line":97,"column":10},"end":{"line":97,"column":null}},"type":"binary-expr","locations":[{"start":{"line":97,"column":10},"end":{"line":97,"column":30}},{"start":{"line":97,"column":30},"end":{"line":97,"column":null}}],"line":97}},"s":{"0":2,"1":2,"2":2,"3":58,"4":58,"5":5,"6":5,"7":22,"8":22,"9":22,"10":22,"11":21,"12":5,"13":5,"14":5,"15":5,"16":16,"17":16,"18":16,"19":16,"20":20,"21":20,"22":20},"f":{"0":58,"1":5,"2":22,"3":5,"4":16,"5":20},"b":{"0":[22],"1":[22],"2":[16],"3":[16,7],"4":[16,13],"5":[16,15],"6":[16,15],"7":[16,15]},"meta":{"lastBranch":8,"lastFunction":6,"lastStatement":23,"seen":{"s:10:15:10:Infinity":0,"s:11:13:11:Infinity":1,"s:14:0:40:Infinity":2,"f:42:16:42:29":0,"s:43:15:43:Infinity":3,"s:44:1:44:Infinity":4,"f:47:16:47:39":1,"s:48:15:48:Infinity":5,"s:49:1:49:Infinity":6,"f:52:22:52:37":2,"b:52:45:52:81":0,"b:52:92:52:107":1,"s:53:16:53:Infinity":7,"s:54:22:59:Infinity":8,"s:61:13:61:Infinity":9,"s:62:1:68:Infinity":10,"s:70:1:70:Infinity":11,"f:73:22:73:40":3,"s:74:15:74:Infinity":12,"s:75:7:75:Infinity":13,"s:77:1:81:Infinity":14,"s:83:1:83:Infinity":15,"f:86:22:86:37":4,"b:86:87:86:91":2,"s:87:12:87:Infinity":16,"s:88:13:88:Infinity":17,"s:90:1:100:Infinity":18,"b:93:9:93:28:93:28:93:Infinity":3,"b:94:8:94:26:94:26:94:Infinity":4,"b:95:10:95:30:95:30:95:Infinity":5,"b:96:16:96:42:96:42:96:Infinity":6,"b:97:10:97:30:97:30:97:Infinity":7,"s:102:1:102:Infinity":19,"f:105:22:105:36":5,"s:106:1:106:Infinity":20,"s:107:1:107:Infinity":21,"s:108:1:108:Infinity":22}}}
}
